Determining if the pthread_create exist failed with the following output:
Change Dir: /home/tabby/GraspPointDetection/build/CMakeFiles/CMakeTmp

Run Build Command:"/usr/bin/make" "cmTC_682aa/fast"
/usr/bin/make -f CMakeFiles/cmTC_682aa.dir/build.make CMakeFiles/cmTC_682aa.dir/build
make[1]: Entering directory '/home/tabby/GraspPointDetection/build/CMakeFiles/CMakeTmp'
Building C object CMakeFiles/cmTC_682aa.dir/CheckSymbolExists.c.o
/usr/bin/cc    -o CMakeFiles/cmTC_682aa.dir/CheckSymbolExists.c.o   -c /home/tabby/GraspPointDetection/build/CMakeFiles/CMakeTmp/CheckSymbolExists.c
Linking C executable cmTC_682aa
/usr/bin/cmake -E cmake_link_script CMakeFiles/cmTC_682aa.dir/link.txt --verbose=1
/usr/bin/cc      -rdynamic CMakeFiles/cmTC_682aa.dir/CheckSymbolExists.c.o  -o cmTC_682aa 
CMakeFiles/cmTC_682aa.dir/CheckSymbolExists.c.o: In function `main':
CheckSymbolExists.c:(.text+0x1b): undefined reference to `pthread_create'
collect2: error: ld returned 1 exit status
CMakeFiles/cmTC_682aa.dir/build.make:97: recipe for target 'cmTC_682aa' failed
make[1]: *** [cmTC_682aa] Error 1
make[1]: Leaving directory '/home/tabby/GraspPointDetection/build/CMakeFiles/CMakeTmp'
Makefile:126: recipe for target 'cmTC_682aa/fast' failed
make: *** [cmTC_682aa/fast] Error 2

File /home/tabby/GraspPointDetection/build/CMakeFiles/CMakeTmp/CheckSymbolExists.c:
/* */
#include <pthread.h>

int main(int argc, char** argv)
{
  (void)argv;
#ifndef pthread_create
  return ((int*)(&pthread_create))[argc];
#else
  (void)argc;
  return 0;
#endif
}

Determining if the function pthread_create exists in the pthreads failed with the following output:
Change Dir: /home/tabby/GraspPointDetection/build/CMakeFiles/CMakeTmp

Run Build Command:"/usr/bin/make" "cmTC_9bfd6/fast"
/usr/bin/make -f CMakeFiles/cmTC_9bfd6.dir/build.make CMakeFiles/cmTC_9bfd6.dir/build
make[1]: Entering directory '/home/tabby/GraspPointDetection/build/CMakeFiles/CMakeTmp'
Building C object CMakeFiles/cmTC_9bfd6.dir/CheckFunctionExists.c.o
/usr/bin/cc   -DCHECK_FUNCTION_EXISTS=pthread_create   -o CMakeFiles/cmTC_9bfd6.dir/CheckFunctionExists.c.o   -c /usr/share/cmake-3.10/Modules/CheckFunctionExists.c
Linking C executable cmTC_9bfd6
/usr/bin/cmake -E cmake_link_script CMakeFiles/cmTC_9bfd6.dir/link.txt --verbose=1
/usr/bin/cc  -DCHECK_FUNCTION_EXISTS=pthread_create    -rdynamic CMakeFiles/cmTC_9bfd6.dir/CheckFunctionExists.c.o  -o cmTC_9bfd6 -lpthreads 
/usr/bin/ld: cannot find -lpthreads
collect2: error: ld returned 1 exit status
CMakeFiles/cmTC_9bfd6.dir/build.make:97: recipe for target 'cmTC_9bfd6' failed
make[1]: *** [cmTC_9bfd6] Error 1
make[1]: Leaving directory '/home/tabby/GraspPointDetection/build/CMakeFiles/CMakeTmp'
Makefile:126: recipe for target 'cmTC_9bfd6/fast' failed
make: *** [cmTC_9bfd6/fast] Error 2


